<?xml version="1.0" encoding="UTF-8"?>
<testsuite xmlns:xsi="http://www.w3.org/2001/XMLSchema-instance" xsi:noNamespaceSchemaLocation="https://maven.apache.org/surefire/maven-surefire-plugin/xsd/surefire-test-report-3.0.xsd" version="3.0" name="tests.UserCreationTest" time="1.453" tests="5" errors="0" skipped="0" failures="0">
  <properties>
[...]
</properties>
  <testcase name="createUserWithoutNameShouldFail" classname="tests.UserCreationTest" time="0.091"/>
  <testcase name="createDuplicateUserShouldFail" classname="tests.UserCreationTest" time="0.272"/>
  <testcase name="createUserWithoutEmailShouldFail" classname="tests.UserCreationTest" time="0.095"/>
  <testcase name="createUniqueUserSuccessfully" classname="tests.UserCreationTest" time="0.893"/>
  <testcase name="createUserWithoutPasswordShouldFail" classname="tests.UserCreationTest" time="0.099"/>
</testsuite>